c:\users\emmanuel\source\repos\pm_u2_q2\debug\pm_u2_q2.exe
c:\users\emmanuel\source\repos\pm_u2_q2\pm_u2_q2\debug\pm_u2_q2.ilk
c:\users\emmanuel\source\repos\pm_u2_q2\debug\pm_u2_q2.pdb
c:\users\emmanuel\source\repos\pm_u2_q2\pm_u2_q2\debug\ej23-ciclosanidadosconpila.obj
c:\users\emmanuel\source\repos\pm_u2_q2\pm_u2_q2\debug\ej2_manhattan.obj
c:\users\emmanuel\source\repos\pm_u2_q2\pm_u2_q2\debug\ej6.obj
c:\users\emmanuel\source\repos\pm_u2_q2\pm_u2_q2\debug\ej7.obj
c:\users\emmanuel\source\repos\pm_u2_q2\pm_u2_q2\debug\ejemma_pr2_fibonacci.obj
c:\users\emmanuel\source\repos\pm_u2_q2\pm_u2_q2\debug\ejemma_pr3_pares.obj
c:\users\emmanuel\source\repos\pm_u2_q2\pm_u2_q2\debug\ejemma_pr4_discriminante.obj
c:\users\emmanuel\source\repos\pm_u2_q2\pm_u2_q2\debug\ejercicio_5_sumahastaneg.obj
c:\users\emmanuel\source\repos\pm_u2_q2\pm_u2_q2\debug\ejpablo_pr1_factorial.obj
c:\users\emmanuel\source\repos\pm_u2_q2\pm_u2_q2\debug\ejpablo_pr5_porcentaje.obj
c:\users\emmanuel\source\repos\pm_u2_q2\pm_u2_q2\debug\ej_4_leernumerospositivos.obj
c:\users\emmanuel\source\repos\pm_u2_q2\pm_u2_q2\debug\et2_pr2_manhattan.obj
c:\users\emmanuel\source\repos\pm_u2_q2\pm_u2_q2\debug\etpb_2_manhattan.obj
c:\users\emmanuel\source\repos\pm_u2_q2\pm_u2_q2\debug\et_7_autobuses.obj
c:\users\emmanuel\source\repos\pm_u2_q2\pm_u2_q2\debug\et_1_areas.obj
c:\users\emmanuel\source\repos\pm_u2_q2\pm_u2_q2\debug\et_3_sueldo.obj
c:\users\emmanuel\source\repos\pm_u2_q2\pm_u2_q2\debug\et_4_edad.obj
c:\users\emmanuel\source\repos\pm_u2_q2\pm_u2_q2\debug\et_6_pinturas.obj
c:\users\emmanuel\source\repos\pm_u2_q2\pm_u2_q2\debug\et_8_conagua.obj
c:\users\emmanuel\source\repos\pm_u2_q2\pm_u2_q2\debug\et_9_cfe.obj
c:\users\emmanuel\source\repos\pm_u2_q2\pm_u2_q2\debug\imprimirnpares_pr3_p2.obj
c:\users\emmanuel\source\repos\pm_u2_q2\pm_u2_q2\debug\p_0_plantilla.obj
c:\users\emmanuel\source\repos\pm_u2_q2\pm_u2_q2\debug\p_10_promedio5numeros.obj
c:\users\emmanuel\source\repos\pm_u2_q2\pm_u2_q2\debug\p_11_arearectangulo_.obj
c:\users\emmanuel\source\repos\pm_u2_q2\pm_u2_q2\debug\p_12_introsaltosincondicionales_.obj
c:\users\emmanuel\source\repos\pm_u2_q2\pm_u2_q2\debug\p_13_saltoscondicionales.obj
c:\users\emmanuel\source\repos\pm_u2_q2\pm_u2_q2\debug\p_14_numeropar_.obj
c:\users\emmanuel\source\repos\pm_u2_q2\pm_u2_q2\debug\p_15_imprimirserie_.obj
c:\users\emmanuel\source\repos\pm_u2_q2\pm_u2_q2\debug\p_16_xalay_.obj
c:\users\emmanuel\source\repos\pm_u2_q2\pm_u2_q2\debug\p_17_checar2num_.obj
c:\users\emmanuel\source\repos\pm_u2_q2\pm_u2_q2\debug\p_18_leerhastanegativos_.obj
c:\users\emmanuel\source\repos\pm_u2_q2\pm_u2_q2\debug\p_19_intropila_.obj
c:\users\emmanuel\source\repos\pm_u2_q2\pm_u2_q2\debug\p_1_transferenciadatos.obj
c:\users\emmanuel\source\repos\pm_u2_q2\pm_u2_q2\debug\p_20_ciclosanidados1_.obj
c:\users\emmanuel\source\repos\pm_u2_q2\pm_u2_q2\debug\p_21_tablamultiplicar.obj
c:\users\emmanuel\source\repos\pm_u2_q2\pm_u2_q2\debug\p_22_tablamultiplicarconpila.obj
c:\users\emmanuel\source\repos\pm_u2_q2\pm_u2_q2\debug\p_2_introoparit.obj
c:\users\emmanuel\source\repos\pm_u2_q2\pm_u2_q2\debug\p_3_escrituraenpantalla.obj
c:\users\emmanuel\source\repos\pm_u2_q2\pm_u2_q2\debug\p_4_leerdatosconsola.obj
c:\users\emmanuel\source\repos\pm_u2_q2\pm_u2_q2\debug\p_5_imprimecadenenconsola.obj
c:\users\emmanuel\source\repos\pm_u2_q2\pm_u2_q2\debug\p_6_op_sub_.obj
c:\users\emmanuel\source\repos\pm_u2_q2\pm_u2_q2\debug\p_7_multiplicacion_.obj
c:\users\emmanuel\source\repos\pm_u2_q2\pm_u2_q2\debug\p_8_division_.obj
c:\users\emmanuel\source\repos\pm_u2_q2\pm_u2_q2\debug\p_9_ecuacionlinearecta.obj
c:\users\emmanuel\source\repos\pm_u2_q2\pm_u2_q2\debug\unidad3_primerejercicio_macros_.obj
c:\users\emmanuel\source\repos\pm_u2_q2\pm_u2_q2\debug\unidad3_segundoejercicio_.obj
c:\users\emmanuel\source\repos\pm_u2_q2\pm_u2_q2\debug\ejercicio_determinarpago_.obj
c:\users\emmanuel\source\repos\pm_u2_q2\pm_u2_q2\debug\ejercicio_edad_.obj
c:\users\emmanuel\source\repos\pm_u2_q2\pm_u2_q2\debug\ejercicio_killowats_.obj
c:\users\emmanuel\source\repos\pm_u2_q2\pm_u2_q2\debug\ejercicio_manhattan.obj
c:\users\emmanuel\source\repos\pm_u2_q2\pm_u2_q2\debug\ejercicio_suledosemanal_.obj
c:\users\emmanuel\source\repos\pm_u2_q2\pm_u2_q2\debug\et3_sueldo.obj
c:\users\emmanuel\source\repos\pm_u2_q2\pm_u2_q2\debug\et7_autobuses.obj
c:\users\emmanuel\source\repos\pm_u2_q2\pm_u2_q2\debug\etpb_2_manhattan_.obj
c:\users\emmanuel\source\repos\pm_u2_q2\pm_u2_q2\debug\traiz.obj
c:\users\emmanuel\source\repos\pm_u2_q2\pm_u2_q2\debug\pm_u2_q2.tlog\link-cvtres.read.1.tlog
c:\users\emmanuel\source\repos\pm_u2_q2\pm_u2_q2\debug\pm_u2_q2.tlog\link-cvtres.write.1.tlog
c:\users\emmanuel\source\repos\pm_u2_q2\pm_u2_q2\debug\pm_u2_q2.tlog\link-rc.read.1.tlog
c:\users\emmanuel\source\repos\pm_u2_q2\pm_u2_q2\debug\pm_u2_q2.tlog\link-rc.write.1.tlog
c:\users\emmanuel\source\repos\pm_u2_q2\pm_u2_q2\debug\pm_u2_q2.tlog\link.command.1.tlog
c:\users\emmanuel\source\repos\pm_u2_q2\pm_u2_q2\debug\pm_u2_q2.tlog\link.read.1.tlog
c:\users\emmanuel\source\repos\pm_u2_q2\pm_u2_q2\debug\pm_u2_q2.tlog\link.write.1.tlog
c:\users\emmanuel\source\repos\pm_u2_q2\pm_u2_q2\debug\pm_u2_q2.tlog\masm.read.1u.tlog
c:\users\emmanuel\source\repos\pm_u2_q2\pm_u2_q2\debug\pm_u2_q2.tlog\masm.write.1u.tlog
