  Assembling P_0_plantilla.asm...
  Assembling P_10_Promedio5Numeros.asm...
  Assembling P_11_AreaRectangulo_.asm...
  Assembling P_12_IntroSaltosIncondicionales_.asm...
  Assembling P_13_SaltosCondicionales.asm...
  Assembling P_14_NumeroPar_.asm...
  Assembling P_15_ImprimirSerie_.asm...
  Assembling P_16_XalaY_.asm...
  Assembling P_17_Checar2Num_.asm...
  Assembling P_18_LeerHastaNegativos_.asm...
  Assembling P_19_IntroPila_.asm...
  Assembling P_1_TransferenciaDatos.asm...
  Assembling P_2_IntroOpArit.asm...
  Assembling P_3_EscrituraEnPantalla.asm...
  Assembling P_4_LeerDatosConsola.asm...
  Assembling P_5_ImprimeCadenenconsola.asm...
  Assembling P_6_Op_SUB_.asm...
  Assembling P_7_Multiplicacion_.asm...
  Assembling P_8_Division_.asm...
  Assembling P_9_EcuacionLineaRecta.asm...
P_0_plantilla.obj : warning LNK4258: la directiva '/ENTRY:main@0' no es compatible con el modificador '/ENTRY:main19'; se ha omitido
P_10_Promedio5Numeros.obj : warning LNK4258: la directiva '/ENTRY:main10@0' no es compatible con el modificador '/ENTRY:main19'; se ha omitido
P_11_AreaRectangulo_.obj : warning LNK4258: la directiva '/ENTRY:main11@0' no es compatible con el modificador '/ENTRY:main19'; se ha omitido
P_12_IntroSaltosIncondicionales_.obj : warning LNK4258: la directiva '/ENTRY:main12@0' no es compatible con el modificador '/ENTRY:main19'; se ha omitido
P_13_SaltosCondicionales.obj : warning LNK4258: la directiva '/ENTRY:main13@0' no es compatible con el modificador '/ENTRY:main19'; se ha omitido
P_14_NumeroPar_.obj : warning LNK4258: la directiva '/ENTRY:main14@0' no es compatible con el modificador '/ENTRY:main19'; se ha omitido
P_15_ImprimirSerie_.obj : warning LNK4258: la directiva '/ENTRY:main15@0' no es compatible con el modificador '/ENTRY:main19'; se ha omitido
P_16_XalaY_.obj : warning LNK4258: la directiva '/ENTRY:main16@0' no es compatible con el modificador '/ENTRY:main19'; se ha omitido
P_17_Checar2Num_.obj : warning LNK4258: la directiva '/ENTRY:main17@0' no es compatible con el modificador '/ENTRY:main19'; se ha omitido
P_18_LeerHastaNegativos_.obj : warning LNK4258: la directiva '/ENTRY:main18@0' no es compatible con el modificador '/ENTRY:main19'; se ha omitido
P_19_IntroPila_.obj : warning LNK4258: la directiva '/ENTRY:main19@0' no es compatible con el modificador '/ENTRY:main19'; se ha omitido
P_1_TransferenciaDatos.obj : warning LNK4258: la directiva '/ENTRY:main1@0' no es compatible con el modificador '/ENTRY:main19'; se ha omitido
P_2_IntroOpArit.obj : warning LNK4258: la directiva '/ENTRY:main2@0' no es compatible con el modificador '/ENTRY:main19'; se ha omitido
P_3_EscrituraEnPantalla.obj : warning LNK4258: la directiva '/ENTRY:main3@0' no es compatible con el modificador '/ENTRY:main19'; se ha omitido
P_4_LeerDatosConsola.obj : warning LNK4258: la directiva '/ENTRY:main4@0' no es compatible con el modificador '/ENTRY:main19'; se ha omitido
P_5_ImprimeCadenenconsola.obj : warning LNK4258: la directiva '/ENTRY:main5@0' no es compatible con el modificador '/ENTRY:main19'; se ha omitido
P_6_Op_SUB_.obj : warning LNK4258: la directiva '/ENTRY:main6@0' no es compatible con el modificador '/ENTRY:main19'; se ha omitido
P_7_Multiplicacion_.obj : warning LNK4258: la directiva '/ENTRY:main7@0' no es compatible con el modificador '/ENTRY:main19'; se ha omitido
P_8_Division_.obj : warning LNK4258: la directiva '/ENTRY:main8@0' no es compatible con el modificador '/ENTRY:main19'; se ha omitido
P_9_EcuacionLineaRecta.obj : warning LNK4258: la directiva '/ENTRY:main9@0' no es compatible con el modificador '/ENTRY:main19'; se ha omitido
  PM_U2_Q2.vcxproj -> C:\Users\EMMANUEL\source\repos\PM_U2_Q2\Debug\PM_U2_Q2.exe
